Order_alpha_0.8_ptop_0.8_pbot_0.2_delta_0.1_factor_0.5
minusDelta : 
['final_record_alpha_0.8_delta_0.1_factor0.5', 1113.0609999999945, 1048.1909999999975, 1074.2449999999994, 1127.7850000000033, 1100.6450000000002, 0, 0, 0, 0, 0, 0, 0, 0, 0, 0, 0, 0, 0, 0, 0, 0, 0, 0, 0, 0]
totalRecord : 
['total_record', 2069.1395999999813, 1970.319999999997, 2001.4651999999994, 2084.534400000007, 2087.4353999999835, 0, 0, 0, 0, 0, 0, 0, 0, 0, 0, 0, 0, 0, 0, 0, 0, 0, 0, 0, 0]
Order_alpha_0.8_ptop_0.8_pbot_0.2_delta_0.1_factor_0.5
minusDelta : 
['final_record_alpha_0.8_delta_0.1_factor0.5', 1113.0609999999945, 1048.1909999999975, 1074.2449999999994, 1127.7850000000033, 1100.6450000000002, 1816.5587310055298, 1924.0413018204297, 1915.3347369255307, 1878.5062722031648, 1883.1967338310483, 0, 0, 0, 0, 0, 0, 0, 0, 0, 0, 0, 0, 0, 0, 0]
totalRecord : 
['total_record', 2069.1395999999813, 1970.319999999997, 2001.4651999999994, 2084.534400000007, 2087.4353999999835, 3399.1362510844356, 3638.0120109382638, 3624.280883532337, 3579.9079267989255, 3516.586866489594, 0, 0, 0, 0, 0, 0, 0, 0, 0, 0, 0, 0, 0, 0, 0]
Order_alpha_0.8_ptop_0.8_pbot_0.2_delta_0.1_factor_0.5
minusDelta : 
['final_record_alpha_0.8_delta_0.1_factor0.5', 1113.0609999999945, 1048.1909999999975, 1074.2449999999994, 1127.7850000000033, 1100.6450000000002, 1816.5587310055298, 1924.0413018204297, 1915.3347369255307, 1878.5062722031648, 1883.1967338310483, 3078.0282019605966, 3191.362300946595, 3105.536840841668, 3152.660162877267, 3138.0351058981655, 0, 0, 0, 0, 0, 0, 0, 0, 0, 0]
totalRecord : 
['total_record', 2069.1395999999813, 1970.319999999997, 2001.4651999999994, 2084.534400000007, 2087.4353999999835, 3399.1362510844356, 3638.0120109382638, 3624.280883532337, 3579.9079267989255, 3516.586866489594, 6018.899386383335, 6220.439215806884, 6025.713241983604, 6135.732969984209, 6124.123276815166, 0, 0, 0, 0, 0, 0, 0, 0, 0, 0]
Order_alpha_0.8_ptop_0.8_pbot_0.2_delta_0.1_factor_0.5
minusDelta : 
['final_record_alpha_0.8_delta_0.1_factor0.5', 1113.0609999999945, 1048.1909999999975, 1074.2449999999994, 1127.7850000000033, 1100.6450000000002, 1816.5587310055298, 1924.0413018204297, 1915.3347369255307, 1878.5062722031648, 1883.1967338310483, 3078.0282019605966, 3191.362300946595, 3105.536840841668, 3152.660162877267, 3138.0351058981655, 4083.003699799198, 4317.559258343526, 4203.703077817869, 4212.567046265772, 4244.184715273957, 0, 0, 0, 0, 0]
totalRecord : 
['total_record', 2069.1395999999813, 1970.319999999997, 2001.4651999999994, 2084.534400000007, 2087.4353999999835, 3399.1362510844356, 3638.0120109382638, 3624.280883532337, 3579.9079267989255, 3516.586866489594, 6018.899386383335, 6220.439215806884, 6025.713241983604, 6135.732969984209, 6124.123276815166, 8097.0582775637795, 8546.3287227101, 8319.719733541127, 8292.835873328353, 8331.079661379392, 0, 0, 0, 0, 0]
Order_alpha_0.8_ptop_0.8_pbot_0.2_delta_0.1_factor_0.5
minusDelta : 
['final_record_alpha_0.8_delta_0.1_factor0.5', 1113.0609999999945, 1048.1909999999975, 1074.2449999999994, 1127.7850000000033, 1100.6450000000002, 1816.5587310055298, 1924.0413018204297, 1915.3347369255307, 1878.5062722031648, 1883.1967338310483, 3078.0282019605966, 3191.362300946595, 3105.536840841668, 3152.660162877267, 3138.0351058981655, 4083.003699799198, 4317.559258343526, 4203.703077817869, 4212.567046265772, 4244.184715273957, 5143.560130673673, 5196.006829852926, 5245.670105001131, 5167.589020746253, 5214.4890145482705]
totalRecord : 
['total_record', 2069.1395999999813, 1970.319999999997, 2001.4651999999994, 2084.534400000007, 2087.4353999999835, 3399.1362510844356, 3638.0120109382638, 3624.280883532337, 3579.9079267989255, 3516.586866489594, 6018.899386383335, 6220.439215806884, 6025.713241983604, 6135.732969984209, 6124.123276815166, 8097.0582775637795, 8546.3287227101, 8319.719733541127, 8292.835873328353, 8331.079661379392, 10209.016757028876, 10450.677028072298, 10503.279195300387, 10294.585840844253, 10236.758764917831]
Traceback (most recent call last):
  File "discountOrder_tenthgamma.py", line 2, in <module>
    import ChangeDetection as cd
  File "/home/kyoungseok/MAB/ChangeDetection.py", line 1, in <module>
    import numpy as np
ModuleNotFoundError: No module named 'numpy'
Order_alpha_0.8_ptop_0.8_pbot_0.2_delta_0.1_factor_0.5
minusDelta : 
['final_record_alpha_0.8_delta_0.1_factor0.5', 268.13419999999917, 257.4273999999974, 245.32760000000064, 220.41239999999496, 284.6865999999935, 0, 0, 0, 0, 0, 0, 0, 0, 0, 0, 0, 0, 0, 0, 0, 0, 0, 0, 0, 0]
totalRecord : 
['total_record', 828.6509999999756, 884.7469999999713, 714.6201999999787, 763.1201999999703, 889.4995999999677, 0, 0, 0, 0, 0, 0, 0, 0, 0, 0, 0, 0, 0, 0, 0, 0, 0, 0, 0, 0]
Order_alpha_0.8_ptop_0.8_pbot_0.2_delta_0.1_factor_0.5
minusDelta : 
['final_record_alpha_0.8_delta_0.1_factor0.5', 268.13419999999917, 257.4273999999974, 245.32760000000064, 220.41239999999496, 284.6865999999935, 464.1373065452806, 436.72642116390847, 419.11958384682896, 442.6206068340206, 445.64037675204645, 0, 0, 0, 0, 0, 0, 0, 0, 0, 0, 0, 0, 0, 0, 0]
totalRecord : 
['total_record', 828.6509999999756, 884.7469999999713, 714.6201999999787, 763.1201999999703, 889.4995999999677, 1319.9539184076823, 1316.353730479401, 1223.8298970637527, 1259.6869003293084, 1276.8603349365635, 0, 0, 0, 0, 0, 0, 0, 0, 0, 0, 0, 0, 0, 0, 0]
Order_alpha_0.8_ptop_0.8_pbot_0.2_delta_0.1_factor_0.5
minusDelta : 
['final_record_alpha_0.8_delta_0.1_factor0.5', 268.13419999999917, 257.4273999999974, 245.32760000000064, 220.41239999999496, 284.6865999999935, 464.1373065452806, 436.72642116390847, 419.11958384682896, 442.6206068340206, 445.64037675204645, 858.8905724996736, 801.206082546401, 803.4057255905806, 788.9124046389503, 842.7416863345388, 0, 0, 0, 0, 0, 0, 0, 0, 0, 0]
totalRecord : 
['total_record', 828.6509999999756, 884.7469999999713, 714.6201999999787, 763.1201999999703, 889.4995999999677, 1319.9539184076823, 1316.353730479401, 1223.8298970637527, 1259.6869003293084, 1276.8603349365635, 2180.6484544982663, 2300.3488974015268, 2235.592624593714, 2164.1167694370756, 2169.183873553327, 0, 0, 0, 0, 0, 0, 0, 0, 0, 0]
Order_alpha_0.8_ptop_0.8_pbot_0.2_delta_0.1_factor_0.5
minusDelta : 
['final_record_alpha_0.8_delta_0.1_factor0.5', 268.13419999999917, 257.4273999999974, 245.32760000000064, 220.41239999999496, 284.6865999999935, 464.1373065452806, 436.72642116390847, 419.11958384682896, 442.6206068340206, 445.64037675204645, 858.8905724996736, 801.206082546401, 803.4057255905806, 788.9124046389503, 842.7416863345388, 1118.1273373066554, 1099.3234004860662, 1146.908884780684, 1118.174768208429, 1158.4292358643404, 0, 0, 0, 0, 0]
totalRecord : 
['total_record', 828.6509999999756, 884.7469999999713, 714.6201999999787, 763.1201999999703, 889.4995999999677, 1319.9539184076823, 1316.353730479401, 1223.8298970637527, 1259.6869003293084, 1276.8603349365635, 2180.6484544982663, 2300.3488974015268, 2235.592624593714, 2164.1167694370756, 2169.183873553327, 2851.9349555993654, 2916.833834932815, 3006.9756819209992, 2870.284006810797, 2810.8511273095764, 0, 0, 0, 0, 0]
Order_alpha_0.8_ptop_0.8_pbot_0.2_delta_0.1_factor_0.5
minusDelta : 
['final_record_alpha_0.8_delta_0.1_factor0.5', 268.13419999999917, 257.4273999999974, 245.32760000000064, 220.41239999999496, 284.6865999999935, 464.1373065452806, 436.72642116390847, 419.11958384682896, 442.6206068340206, 445.64037675204645, 858.8905724996736, 801.206082546401, 803.4057255905806, 788.9124046389503, 842.7416863345388, 1118.1273373066554, 1099.3234004860662, 1146.908884780684, 1118.174768208429, 1158.4292358643404, 1513.2482920732589, 1450.843577238441, 1420.7640936561536, 1454.1238759065682, 1450.2726116572155]
totalRecord : 
['total_record', 828.6509999999756, 884.7469999999713, 714.6201999999787, 763.1201999999703, 889.4995999999677, 1319.9539184076823, 1316.353730479401, 1223.8298970637527, 1259.6869003293084, 1276.8603349365635, 2180.6484544982663, 2300.3488974015268, 2235.592624593714, 2164.1167694370756, 2169.183873553327, 2851.9349555993654, 2916.833834932815, 3006.9756819209992, 2870.284006810797, 2810.8511273095764, 3731.6374189763314, 3552.9980107132237, 3592.8285487900575, 3596.270052666254, 3618.406625572475]
Traceback (most recent call last):
  File "discountOrder_tenthgamma.py", line 2, in <module>
    import ChangeDetection as cd
  File "/home/kyoungseok/MAB/ChangeDetection.py", line 1, in <module>
    import numpy as np
ModuleNotFoundError: No module named 'numpy'
