usage: discountOrder.py [-h] [--alpha N] [--ptop N] [--pbot N] [--repeat N]
                        [--delta N]
discountOrder.py: error: argument --delta: invalid int value: '0.2'
Order_alpha_0.9_ptop_0.8_pbot_0.2_delta_0.2
minusDelta : 
['final_record', 685.7034833390532, 684.8976281678205, 689.0861200143901, 665.2050427102758, 0, 0, 0, 0, 0, 0, 0, 0, 0, 0, 0, 0, 0, 0, 0, 0, 0, 0, 0, 0, 0, 0, 0, 0, 0, 0, 0, 0, 0, 0, 0, 0]
totalRecord : 
['total_record', 2179.18358054456, 2259.3627100968506, 2232.5649563321417, 2169.455282115513, 0, 0, 0, 0, 0, 0, 0, 0, 0, 0, 0, 0, 0, 0, 0, 0, 0, 0, 0, 0, 0, 0, 0, 0, 0, 0, 0, 0, 0, 0, 0, 0]
minusDelta : 
['final_record', 685.7034833390532, 684.8976281678205, 689.0861200143901, 665.2050427102758, 1104.071279900616, 1111.6648868958303, 1115.5843630690742, 1098.3570039125686, 0, 0, 0, 0, 0, 0, 0, 0, 0, 0, 0, 0, 0, 0, 0, 0, 0, 0, 0, 0, 0, 0, 0, 0, 0, 0, 0, 0]
totalRecord : 
['total_record', 2179.18358054456, 2259.3627100968506, 2232.5649563321417, 2169.455282115513, 3768.4253584917033, 3727.650608376701, 3690.118286476279, 3661.1767946689433, 0, 0, 0, 0, 0, 0, 0, 0, 0, 0, 0, 0, 0, 0, 0, 0, 0, 0, 0, 0, 0, 0, 0, 0, 0, 0, 0, 0]
minusDelta : 
['final_record', 685.7034833390532, 684.8976281678205, 689.0861200143901, 665.2050427102758, 1104.071279900616, 1111.6648868958303, 1115.5843630690742, 1098.3570039125686, 1415.0610504705555, 1365.662429711788, 1402.9712840355792, 1382.5875357381115, 0, 0, 0, 0, 0, 0, 0, 0, 0, 0, 0, 0, 0, 0, 0, 0, 0, 0, 0, 0, 0, 0, 0, 0]
totalRecord : 
['total_record', 2179.18358054456, 2259.3627100968506, 2232.5649563321417, 2169.455282115513, 3768.4253584917033, 3727.650608376701, 3690.118286476279, 3661.1767946689433, 5054.679330891394, 4893.509211795237, 5005.2598567247605, 5020.594514487148, 0, 0, 0, 0, 0, 0, 0, 0, 0, 0, 0, 0, 0, 0, 0, 0, 0, 0, 0, 0, 0, 0, 0, 0]
minusDelta : 
['final_record', 685.7034833390532, 684.8976281678205, 689.0861200143901, 665.2050427102758, 1104.071279900616, 1111.6648868958303, 1115.5843630690742, 1098.3570039125686, 1415.0610504705555, 1365.662429711788, 1402.9712840355792, 1382.5875357381115, 1709.5236055655816, 1727.9905996899142, 1690.4589446180682, 1732.461199264962, 0, 0, 0, 0, 0, 0, 0, 0, 0, 0, 0, 0, 0, 0, 0, 0, 0, 0, 0, 0]
totalRecord : 
['total_record', 2179.18358054456, 2259.3627100968506, 2232.5649563321417, 2169.455282115513, 3768.4253584917033, 3727.650608376701, 3690.118286476279, 3661.1767946689433, 5054.679330891394, 4893.509211795237, 5005.2598567247605, 5020.594514487148, 6185.23892618397, 6303.919033382503, 6153.111146160197, 6364.244278167919, 0, 0, 0, 0, 0, 0, 0, 0, 0, 0, 0, 0, 0, 0, 0, 0, 0, 0, 0, 0]
minusDelta : 
['final_record', 685.7034833390532, 684.8976281678205, 689.0861200143901, 665.2050427102758, 1104.071279900616, 1111.6648868958303, 1115.5843630690742, 1098.3570039125686, 1415.0610504705555, 1365.662429711788, 1402.9712840355792, 1382.5875357381115, 1709.5236055655816, 1727.9905996899142, 1690.4589446180682, 1732.461199264962, 2063.2048243868458, 1980.6172531641548, 2025.286085388601, 2026.4766955513169, 0, 0, 0, 0, 0, 0, 0, 0, 0, 0, 0, 0, 0, 0, 0, 0]
totalRecord : 
['total_record', 2179.18358054456, 2259.3627100968506, 2232.5649563321417, 2169.455282115513, 3768.4253584917033, 3727.650608376701, 3690.118286476279, 3661.1767946689433, 5054.679330891394, 4893.509211795237, 5005.2598567247605, 5020.594514487148, 6185.23892618397, 6303.919033382503, 6153.111146160197, 6364.244278167919, 7637.746552412045, 7492.889671525285, 7424.70580990774, 7492.874166181673, 0, 0, 0, 0, 0, 0, 0, 0, 0, 0, 0, 0, 0, 0, 0, 0]
minusDelta : 
['final_record', 685.7034833390532, 684.8976281678205, 689.0861200143901, 665.2050427102758, 1104.071279900616, 1111.6648868958303, 1115.5843630690742, 1098.3570039125686, 1415.0610504705555, 1365.662429711788, 1402.9712840355792, 1382.5875357381115, 1709.5236055655816, 1727.9905996899142, 1690.4589446180682, 1732.461199264962, 2063.2048243868458, 1980.6172531641548, 2025.286085388601, 2026.4766955513169, 2225.6870489266, 2207.0857396025026, 2234.5949696361313, 2159.3501310543934, 0, 0, 0, 0, 0, 0, 0, 0, 0, 0, 0, 0]
totalRecord : 
['total_record', 2179.18358054456, 2259.3627100968506, 2232.5649563321417, 2169.455282115513, 3768.4253584917033, 3727.650608376701, 3690.118286476279, 3661.1767946689433, 5054.679330891394, 4893.509211795237, 5005.2598567247605, 5020.594514487148, 6185.23892618397, 6303.919033382503, 6153.111146160197, 6364.244278167919, 7637.746552412045, 7492.889671525285, 7424.70580990774, 7492.874166181673, 8477.544676625843, 8461.259336438749, 8628.277659732425, 8509.217838127364, 0, 0, 0, 0, 0, 0, 0, 0, 0, 0, 0, 0]
minusDelta : 
['final_record', 685.7034833390532, 684.8976281678205, 689.0861200143901, 665.2050427102758, 1104.071279900616, 1111.6648868958303, 1115.5843630690742, 1098.3570039125686, 1415.0610504705555, 1365.662429711788, 1402.9712840355792, 1382.5875357381115, 1709.5236055655816, 1727.9905996899142, 1690.4589446180682, 1732.461199264962, 2063.2048243868458, 1980.6172531641548, 2025.286085388601, 2026.4766955513169, 2225.6870489266, 2207.0857396025026, 2234.5949696361313, 2159.3501310543934, 2400.364682893143, 2462.1210970664274, 2399.1856412170087, 2468.285447145634, 0, 0, 0, 0, 0, 0, 0, 0]
totalRecord : 
['total_record', 2179.18358054456, 2259.3627100968506, 2232.5649563321417, 2169.455282115513, 3768.4253584917033, 3727.650608376701, 3690.118286476279, 3661.1767946689433, 5054.679330891394, 4893.509211795237, 5005.2598567247605, 5020.594514487148, 6185.23892618397, 6303.919033382503, 6153.111146160197, 6364.244278167919, 7637.746552412045, 7492.889671525285, 7424.70580990774, 7492.874166181673, 8477.544676625843, 8461.259336438749, 8628.277659732425, 8509.217838127364, 9500.625284720627, 9550.554226393328, 9525.569596771567, 9675.509488502017, 0, 0, 0, 0, 0, 0, 0, 0]
minusDelta : 
['final_record', 685.7034833390532, 684.8976281678205, 689.0861200143901, 665.2050427102758, 1104.071279900616, 1111.6648868958303, 1115.5843630690742, 1098.3570039125686, 1415.0610504705555, 1365.662429711788, 1402.9712840355792, 1382.5875357381115, 1709.5236055655816, 1727.9905996899142, 1690.4589446180682, 1732.461199264962, 2063.2048243868458, 1980.6172531641548, 2025.286085388601, 2026.4766955513169, 2225.6870489266, 2207.0857396025026, 2234.5949696361313, 2159.3501310543934, 2400.364682893143, 2462.1210970664274, 2399.1856412170087, 2468.285447145634, 2622.3793253218028, 2674.7656428312944, 2640.812742544223, 2647.5014393966076, 0, 0, 0, 0]
totalRecord : 
['total_record', 2179.18358054456, 2259.3627100968506, 2232.5649563321417, 2169.455282115513, 3768.4253584917033, 3727.650608376701, 3690.118286476279, 3661.1767946689433, 5054.679330891394, 4893.509211795237, 5005.2598567247605, 5020.594514487148, 6185.23892618397, 6303.919033382503, 6153.111146160197, 6364.244278167919, 7637.746552412045, 7492.889671525285, 7424.70580990774, 7492.874166181673, 8477.544676625843, 8461.259336438749, 8628.277659732425, 8509.217838127364, 9500.625284720627, 9550.554226393328, 9525.569596771567, 9675.509488502017, 10621.928958520346, 10841.277567472694, 10639.936710389167, 10849.04984447206, 0, 0, 0, 0]
minusDelta : 
['final_record', 685.7034833390532, 684.8976281678205, 689.0861200143901, 665.2050427102758, 1104.071279900616, 1111.6648868958303, 1115.5843630690742, 1098.3570039125686, 1415.0610504705555, 1365.662429711788, 1402.9712840355792, 1382.5875357381115, 1709.5236055655816, 1727.9905996899142, 1690.4589446180682, 1732.461199264962, 2063.2048243868458, 1980.6172531641548, 2025.286085388601, 2026.4766955513169, 2225.6870489266, 2207.0857396025026, 2234.5949696361313, 2159.3501310543934, 2400.364682893143, 2462.1210970664274, 2399.1856412170087, 2468.285447145634, 2622.3793253218028, 2674.7656428312944, 2640.812742544223, 2647.5014393966076, 3049.996032286303, 3105.951134411924, 3094.7273867352715, 3073.381761771208]
totalRecord : 
['total_record', 2179.18358054456, 2259.3627100968506, 2232.5649563321417, 2169.455282115513, 3768.4253584917033, 3727.650608376701, 3690.118286476279, 3661.1767946689433, 5054.679330891394, 4893.509211795237, 5005.2598567247605, 5020.594514487148, 6185.23892618397, 6303.919033382503, 6153.111146160197, 6364.244278167919, 7637.746552412045, 7492.889671525285, 7424.70580990774, 7492.874166181673, 8477.544676625843, 8461.259336438749, 8628.277659732425, 8509.217838127364, 9500.625284720627, 9550.554226393328, 9525.569596771567, 9675.509488502017, 10621.928958520346, 10841.277567472694, 10639.936710389167, 10849.04984447206, 12622.072646166038, 12781.242421278585, 12571.074365690592, 12601.892528165225]
