Order_alpha_0.8_ptop_0.8_pbot_0.2_delta_0.1_factor_0.5
minusDelta : 
['final_record_alpha_0.8_delta_0.1_factor0.5', 278.07439999999457, 244.9269999999993, 291.67279999999704, 263.50899999999683, 267.7181999999968, 273.5402000000007, 265.7905999999933, 299.3219999999958, 275.5819999999946, 278.2953999999898, 0, 0, 0, 0, 0, 0, 0, 0, 0, 0, 0, 0, 0, 0, 0, 0, 0, 0, 0, 0, 0, 0, 0, 0, 0, 0, 0, 0, 0, 0, 0, 0, 0, 0, 0, 0, 0, 0, 0, 0]
totalRecord : 
['total_record', 841.7615999999766, 762.8883999999782, 798.9023999999858, 843.6605999999719, 822.1253999999763, 817.3001999999816, 885.0297999999672, 806.9169999999798, 872.3251999999701, 880.9959999999629, 0, 0, 0, 0, 0, 0, 0, 0, 0, 0, 0, 0, 0, 0, 0, 0, 0, 0, 0, 0, 0, 0, 0, 0, 0, 0, 0, 0, 0, 0, 0, 0, 0, 0, 0, 0, 0, 0, 0, 0]
Order_alpha_0.8_ptop_0.8_pbot_0.2_delta_0.1_factor_0.5
minusDelta : 
['final_record_alpha_0.8_delta_0.1_factor0.5', 278.07439999999457, 244.9269999999993, 291.67279999999704, 263.50899999999683, 267.7181999999968, 273.5402000000007, 265.7905999999933, 299.3219999999958, 275.5819999999946, 278.2953999999898, 425.8890880396408, 444.0212484061498, 469.6699285215873, 445.67422475866914, 436.89574455626666, 450.248982290738, 455.2426184013656, 451.23463329530335, 440.57935633893027, 487.5581447285994, 0, 0, 0, 0, 0, 0, 0, 0, 0, 0, 0, 0, 0, 0, 0, 0, 0, 0, 0, 0, 0, 0, 0, 0, 0, 0, 0, 0, 0, 0]
totalRecord : 
['total_record', 841.7615999999766, 762.8883999999782, 798.9023999999858, 843.6605999999719, 822.1253999999763, 817.3001999999816, 885.0297999999672, 806.9169999999798, 872.3251999999701, 880.9959999999629, 1243.3342508387097, 1317.8686365709973, 1395.2874505341897, 1276.3195690940672, 1200.5638727735468, 1310.570199452663, 1276.4775996321905, 1317.3927839377914, 1342.954129548337, 1331.8697925141676, 0, 0, 0, 0, 0, 0, 0, 0, 0, 0, 0, 0, 0, 0, 0, 0, 0, 0, 0, 0, 0, 0, 0, 0, 0, 0, 0, 0, 0, 0]
Order_alpha_0.8_ptop_0.8_pbot_0.2_delta_0.1_factor_0.5
minusDelta : 
['final_record_alpha_0.8_delta_0.1_factor0.5', 278.07439999999457, 244.9269999999993, 291.67279999999704, 263.50899999999683, 267.7181999999968, 273.5402000000007, 265.7905999999933, 299.3219999999958, 275.5819999999946, 278.2953999999898, 425.8890880396408, 444.0212484061498, 469.6699285215873, 445.67422475866914, 436.89574455626666, 450.248982290738, 455.2426184013656, 451.23463329530335, 440.57935633893027, 487.5581447285994, 833.1460711651072, 832.1103622660121, 797.2181846948454, 827.5503883301437, 787.8260037754692, 793.0616522239102, 797.2777791392762, 856.7183261703758, 793.8844921972099, 824.6138267168251, 0, 0, 0, 0, 0, 0, 0, 0, 0, 0, 0, 0, 0, 0, 0, 0, 0, 0, 0, 0]
totalRecord : 
['total_record', 841.7615999999766, 762.8883999999782, 798.9023999999858, 843.6605999999719, 822.1253999999763, 817.3001999999816, 885.0297999999672, 806.9169999999798, 872.3251999999701, 880.9959999999629, 1243.3342508387097, 1317.8686365709973, 1395.2874505341897, 1276.3195690940672, 1200.5638727735468, 1310.570199452663, 1276.4775996321905, 1317.3927839377914, 1342.954129548337, 1331.8697925141676, 2099.524024037101, 2237.5739017329925, 2204.1617615447717, 2141.995847838633, 2281.1136608543056, 2058.3786795842825, 2142.6246057096096, 2167.097478872836, 2134.943162229191, 2247.093710103202, 0, 0, 0, 0, 0, 0, 0, 0, 0, 0, 0, 0, 0, 0, 0, 0, 0, 0, 0, 0]
Order_alpha_0.8_ptop_0.8_pbot_0.2_delta_0.1_factor_0.5
minusDelta : 
['final_record_alpha_0.8_delta_0.1_factor0.5', 278.07439999999457, 244.9269999999993, 291.67279999999704, 263.50899999999683, 267.7181999999968, 273.5402000000007, 265.7905999999933, 299.3219999999958, 275.5819999999946, 278.2953999999898, 425.8890880396408, 444.0212484061498, 469.6699285215873, 445.67422475866914, 436.89574455626666, 450.248982290738, 455.2426184013656, 451.23463329530335, 440.57935633893027, 487.5581447285994, 833.1460711651072, 832.1103622660121, 797.2181846948454, 827.5503883301437, 787.8260037754692, 793.0616522239102, 797.2777791392762, 856.7183261703758, 793.8844921972099, 824.6138267168251, 1110.0855841338798, 1129.2155380565591, 1129.6109724270705, 1134.3894068376426, 1178.7343714158858, 1137.7347799097033, 1168.4752122571986, 1202.9091197815685, 1124.4515941598818, 1089.228738530739, 0, 0, 0, 0, 0, 0, 0, 0, 0, 0]
totalRecord : 
['total_record', 841.7615999999766, 762.8883999999782, 798.9023999999858, 843.6605999999719, 822.1253999999763, 817.3001999999816, 885.0297999999672, 806.9169999999798, 872.3251999999701, 880.9959999999629, 1243.3342508387097, 1317.8686365709973, 1395.2874505341897, 1276.3195690940672, 1200.5638727735468, 1310.570199452663, 1276.4775996321905, 1317.3927839377914, 1342.954129548337, 1331.8697925141676, 2099.524024037101, 2237.5739017329925, 2204.1617615447717, 2141.995847838633, 2281.1136608543056, 2058.3786795842825, 2142.6246057096096, 2167.097478872836, 2134.943162229191, 2247.093710103202, 2896.15504039373, 2890.7816539272717, 2809.6806143031786, 2863.623838352073, 2888.4511912961448, 2935.5281227537307, 3034.4500943954763, 3103.0297847455654, 2732.8107000329, 2881.7254955782164, 0, 0, 0, 0, 0, 0, 0, 0, 0, 0]
Order_alpha_0.8_ptop_0.8_pbot_0.2_delta_0.1_factor_0.5
minusDelta : 
['final_record_alpha_0.8_delta_0.1_factor0.5', 278.07439999999457, 244.9269999999993, 291.67279999999704, 263.50899999999683, 267.7181999999968, 273.5402000000007, 265.7905999999933, 299.3219999999958, 275.5819999999946, 278.2953999999898, 425.8890880396408, 444.0212484061498, 469.6699285215873, 445.67422475866914, 436.89574455626666, 450.248982290738, 455.2426184013656, 451.23463329530335, 440.57935633893027, 487.5581447285994, 833.1460711651072, 832.1103622660121, 797.2181846948454, 827.5503883301437, 787.8260037754692, 793.0616522239102, 797.2777791392762, 856.7183261703758, 793.8844921972099, 824.6138267168251, 1110.0855841338798, 1129.2155380565591, 1129.6109724270705, 1134.3894068376426, 1178.7343714158858, 1137.7347799097033, 1168.4752122571986, 1202.9091197815685, 1124.4515941598818, 1089.228738530739, 1430.273652864556, 1426.5618402941936, 1450.5025596597613, 1460.752914292775, 1488.4066501578995, 1468.539005613192, 1419.2247520370568, 1443.8157543981006, 1438.4612370314708, 1390.2340505376292]
totalRecord : 
['total_record', 841.7615999999766, 762.8883999999782, 798.9023999999858, 843.6605999999719, 822.1253999999763, 817.3001999999816, 885.0297999999672, 806.9169999999798, 872.3251999999701, 880.9959999999629, 1243.3342508387097, 1317.8686365709973, 1395.2874505341897, 1276.3195690940672, 1200.5638727735468, 1310.570199452663, 1276.4775996321905, 1317.3927839377914, 1342.954129548337, 1331.8697925141676, 2099.524024037101, 2237.5739017329925, 2204.1617615447717, 2141.995847838633, 2281.1136608543056, 2058.3786795842825, 2142.6246057096096, 2167.097478872836, 2134.943162229191, 2247.093710103202, 2896.15504039373, 2890.7816539272717, 2809.6806143031786, 2863.623838352073, 2888.4511912961448, 2935.5281227537307, 3034.4500943954763, 3103.0297847455654, 2732.8107000329, 2881.7254955782164, 3676.143410779026, 3571.5011063804063, 3557.8234487638365, 3538.8072559348007, 3665.290403246279, 3533.1088456793473, 3575.9903671482866, 3530.631697887961, 3823.311414199266, 3575.398667578999]
