Order_alpha_0.9_ptop_0.8_pbot_0.2_delta_0.1
minusDelta : 
['final_record', 1231.2976615208438, 1205.078686085655, 1232.580437321778, 0, 0, 0, 0, 0, 0, 0, 0, 0, 0, 0, 0, 0, 0, 0, 0, 0, 0, 0, 0, 0, 0, 0, 0]
totalRecord : 
['total_record', 2208.2507123983905, 2195.228506337526, 2168.832996968957, 0, 0, 0, 0, 0, 0, 0, 0, 0, 0, 0, 0, 0, 0, 0, 0, 0, 0, 0, 0, 0, 0, 0, 0]
minusDelta : 
['final_record', 1231.2976615208438, 1205.078686085655, 1232.580437321778, 2004.9584115334358, 1988.7094693079598, 2010.9158103919442, 0, 0, 0, 0, 0, 0, 0, 0, 0, 0, 0, 0, 0, 0, 0, 0, 0, 0, 0, 0, 0]
totalRecord : 
['total_record', 2208.2507123983905, 2195.228506337526, 2168.832996968957, 3735.8611615722175, 3712.383807778242, 3784.23765186247, 0, 0, 0, 0, 0, 0, 0, 0, 0, 0, 0, 0, 0, 0, 0, 0, 0, 0, 0, 0, 0]
minusDelta : 
['final_record', 1231.2976615208438, 1205.078686085655, 1232.580437321778, 2004.9584115334358, 1988.7094693079598, 2010.9158103919442, 2592.3132331332486, 2587.959555375816, 2641.806653829929, 0, 0, 0, 0, 0, 0, 0, 0, 0, 0, 0, 0, 0, 0, 0, 0, 0, 0]
totalRecord : 
['total_record', 2208.2507123983905, 2195.228506337526, 2168.832996968957, 3735.8611615722175, 3712.383807778242, 3784.23765186247, 4959.372452732961, 4992.229065429145, 5095.76173021001, 0, 0, 0, 0, 0, 0, 0, 0, 0, 0, 0, 0, 0, 0, 0, 0, 0, 0]
minusDelta : 
['final_record', 1231.2976615208438, 1205.078686085655, 1232.580437321778, 2004.9584115334358, 1988.7094693079598, 2010.9158103919442, 2592.3132331332486, 2587.959555375816, 2641.806653829929, 3254.8559339704675, 3330.44223894235, 3303.911692348425, 0, 0, 0, 0, 0, 0, 0, 0, 0, 0, 0, 0, 0, 0, 0]
totalRecord : 
['total_record', 2208.2507123983905, 2195.228506337526, 2168.832996968957, 3735.8611615722175, 3712.383807778242, 3784.23765186247, 4959.372452732961, 4992.229065429145, 5095.76173021001, 6275.791044193145, 6422.674397663548, 6390.19354403204, 0, 0, 0, 0, 0, 0, 0, 0, 0, 0, 0, 0, 0, 0, 0]
minusDelta : 
['final_record', 1231.2976615208438, 1205.078686085655, 1232.580437321778, 2004.9584115334358, 1988.7094693079598, 2010.9158103919442, 2592.3132331332486, 2587.959555375816, 2641.806653829929, 3254.8559339704675, 3330.44223894235, 3303.911692348425, 3786.050639953805, 3866.467686969237, 3822.030752944315, 0, 0, 0, 0, 0, 0, 0, 0, 0, 0, 0, 0]
totalRecord : 
['total_record', 2208.2507123983905, 2195.228506337526, 2168.832996968957, 3735.8611615722175, 3712.383807778242, 3784.23765186247, 4959.372452732961, 4992.229065429145, 5095.76173021001, 6275.791044193145, 6422.674397663548, 6390.19354403204, 7294.277959002598, 7473.080144303392, 7474.305088884276, 0, 0, 0, 0, 0, 0, 0, 0, 0, 0, 0, 0]
minusDelta : 
['final_record', 1231.2976615208438, 1205.078686085655, 1232.580437321778, 2004.9584115334358, 1988.7094693079598, 2010.9158103919442, 2592.3132331332486, 2587.959555375816, 2641.806653829929, 3254.8559339704675, 3330.44223894235, 3303.911692348425, 3786.050639953805, 3866.467686969237, 3822.030752944315, 4248.006922138239, 4393.693229364055, 4277.555220585342, 0, 0, 0, 0, 0, 0, 0, 0, 0]
totalRecord : 
['total_record', 2208.2507123983905, 2195.228506337526, 2168.832996968957, 3735.8611615722175, 3712.383807778242, 3784.23765186247, 4959.372452732961, 4992.229065429145, 5095.76173021001, 6275.791044193145, 6422.674397663548, 6390.19354403204, 7294.277959002598, 7473.080144303392, 7474.305088884276, 8463.39994195727, 8756.605517616552, 8643.47920137046, 0, 0, 0, 0, 0, 0, 0, 0, 0]
minusDelta : 
['final_record', 1231.2976615208438, 1205.078686085655, 1232.580437321778, 2004.9584115334358, 1988.7094693079598, 2010.9158103919442, 2592.3132331332486, 2587.959555375816, 2641.806653829929, 3254.8559339704675, 3330.44223894235, 3303.911692348425, 3786.050639953805, 3866.467686969237, 3822.030752944315, 4248.006922138239, 4393.693229364055, 4277.555220585342, 4694.298380591818, 4819.129060350595, 4653.210570006498, 0, 0, 0, 0, 0, 0]
totalRecord : 
['total_record', 2208.2507123983905, 2195.228506337526, 2168.832996968957, 3735.8611615722175, 3712.383807778242, 3784.23765186247, 4959.372452732961, 4992.229065429145, 5095.76173021001, 6275.791044193145, 6422.674397663548, 6390.19354403204, 7294.277959002598, 7473.080144303392, 7474.305088884276, 8463.39994195727, 8756.605517616552, 8643.47920137046, 9440.184720466788, 9801.1414576077, 9451.450096485642, 0, 0, 0, 0, 0, 0]
minusDelta : 
['final_record', 1231.2976615208438, 1205.078686085655, 1232.580437321778, 2004.9584115334358, 1988.7094693079598, 2010.9158103919442, 2592.3132331332486, 2587.959555375816, 2641.806653829929, 3254.8559339704675, 3330.44223894235, 3303.911692348425, 3786.050639953805, 3866.467686969237, 3822.030752944315, 4248.006922138239, 4393.693229364055, 4277.555220585342, 4694.298380591818, 4819.129060350595, 4653.210570006498, 5243.702706833916, 5131.509923917823, 5243.200530310128, 0, 0, 0]
totalRecord : 
['total_record', 2208.2507123983905, 2195.228506337526, 2168.832996968957, 3735.8611615722175, 3712.383807778242, 3784.23765186247, 4959.372452732961, 4992.229065429145, 5095.76173021001, 6275.791044193145, 6422.674397663548, 6390.19354403204, 7294.277959002598, 7473.080144303392, 7474.305088884276, 8463.39994195727, 8756.605517616552, 8643.47920137046, 9440.184720466788, 9801.1414576077, 9451.450096485642, 10729.490387635984, 10578.578549122614, 10823.725448760219, 0, 0, 0]
minusDelta : 
['final_record', 1231.2976615208438, 1205.078686085655, 1232.580437321778, 2004.9584115334358, 1988.7094693079598, 2010.9158103919442, 2592.3132331332486, 2587.959555375816, 2641.806653829929, 3254.8559339704675, 3330.44223894235, 3303.911692348425, 3786.050639953805, 3866.467686969237, 3822.030752944315, 4248.006922138239, 4393.693229364055, 4277.555220585342, 4694.298380591818, 4819.129060350595, 4653.210570006498, 5243.702706833916, 5131.509923917823, 5243.200530310128, 6105.822650435595, 6032.563807440223, 6087.030825884102]
totalRecord : 
['total_record', 2208.2507123983905, 2195.228506337526, 2168.832996968957, 3735.8611615722175, 3712.383807778242, 3784.23765186247, 4959.372452732961, 4992.229065429145, 5095.76173021001, 6275.791044193145, 6422.674397663548, 6390.19354403204, 7294.277959002598, 7473.080144303392, 7474.305088884276, 8463.39994195727, 8756.605517616552, 8643.47920137046, 9440.184720466788, 9801.1414576077, 9451.450096485642, 10729.490387635984, 10578.578549122614, 10823.725448760219, 12657.94309361286, 12562.215414240756, 12685.058436817782]
