minusDelta : 
['final_record', 2264.523999999999, 2173.713200000004, 2247.782600000004, 2244.9732000000026, 2222.5114000000003, 0, 0, 0, 0, 0, 0, 0, 0, 0, 0, 0, 0, 0, 0, 0, 0, 0, 0, 0, 0, 0, 0, 0, 0, 0, 0, 0, 0, 0, 0, 0, 0, 0, 0, 0, 0, 0, 0, 0, 0, 0, 0, 0, 0, 0]
totalRecord : 
['total_record', 2851.9549999999927, 2731.2935999999963, 2849.6766000000043, 2834.864800000001, 2805.9930000000177, 0, 0, 0, 0, 0, 0, 0, 0, 0, 0, 0, 0, 0, 0, 0, 0, 0, 0, 0, 0, 0, 0, 0, 0, 0, 0, 0, 0, 0, 0, 0, 0, 0, 0, 0, 0, 0, 0, 0, 0, 0, 0, 0, 0, 0]
minusDelta : 
['final_record', 2264.523999999999, 2173.713200000004, 2247.782600000004, 2244.9732000000026, 2222.5114000000003, 3943.0239685450424, 3952.9338624762327, 3845.4354110707436, 4046.6904119931605, 3845.951008840457, 0, 0, 0, 0, 0, 0, 0, 0, 0, 0, 0, 0, 0, 0, 0, 0, 0, 0, 0, 0, 0, 0, 0, 0, 0, 0, 0, 0, 0, 0, 0, 0, 0, 0, 0, 0, 0, 0, 0, 0]
totalRecord : 
['total_record', 2851.9549999999927, 2731.2935999999963, 2849.6766000000043, 2834.864800000001, 2805.9930000000177, 5018.073451927701, 5014.128063600728, 4883.3861095164475, 5136.448920764452, 4839.8320997514, 0, 0, 0, 0, 0, 0, 0, 0, 0, 0, 0, 0, 0, 0, 0, 0, 0, 0, 0, 0, 0, 0, 0, 0, 0, 0, 0, 0, 0, 0, 0, 0, 0, 0, 0, 0, 0, 0, 0, 0]
minusDelta : 
['final_record', 2264.523999999999, 2173.713200000004, 2247.782600000004, 2244.9732000000026, 2222.5114000000003, 3943.0239685450424, 3952.9338624762327, 3845.4354110707436, 4046.6904119931605, 3845.951008840457, 5345.564911400785, 5355.00216612182, 5314.502757584423, 5253.472422015035, 5294.424628555212, 0, 0, 0, 0, 0, 0, 0, 0, 0, 0, 0, 0, 0, 0, 0, 0, 0, 0, 0, 0, 0, 0, 0, 0, 0, 0, 0, 0, 0, 0, 0, 0, 0, 0, 0]
totalRecord : 
['total_record', 2851.9549999999927, 2731.2935999999963, 2849.6766000000043, 2834.864800000001, 2805.9930000000177, 5018.073451927701, 5014.128063600728, 4883.3861095164475, 5136.448920764452, 4839.8320997514, 6843.192911857871, 6856.578638903835, 6793.036140262401, 6694.375181410522, 6763.235156015107, 0, 0, 0, 0, 0, 0, 0, 0, 0, 0, 0, 0, 0, 0, 0, 0, 0, 0, 0, 0, 0, 0, 0, 0, 0, 0, 0, 0, 0, 0, 0, 0, 0, 0, 0]
minusDelta : 
['final_record', 2264.523999999999, 2173.713200000004, 2247.782600000004, 2244.9732000000026, 2222.5114000000003, 3943.0239685450424, 3952.9338624762327, 3845.4354110707436, 4046.6904119931605, 3845.951008840457, 5345.564911400785, 5355.00216612182, 5314.502757584423, 5253.472422015035, 5294.424628555212, 6626.967235443852, 6676.746646132612, 6628.3051915813885, 6532.628805866067, 6681.96505647816, 0, 0, 0, 0, 0, 0, 0, 0, 0, 0, 0, 0, 0, 0, 0, 0, 0, 0, 0, 0, 0, 0, 0, 0, 0, 0, 0, 0, 0, 0]
totalRecord : 
['total_record', 2851.9549999999927, 2731.2935999999963, 2849.6766000000043, 2834.864800000001, 2805.9930000000177, 5018.073451927701, 5014.128063600728, 4883.3861095164475, 5136.448920764452, 4839.8320997514, 6843.192911857871, 6856.578638903835, 6793.036140262401, 6694.375181410522, 6763.235156015107, 8524.057111607402, 8588.316072406025, 8511.164449016762, 8385.979055376478, 8616.074200801448, 0, 0, 0, 0, 0, 0, 0, 0, 0, 0, 0, 0, 0, 0, 0, 0, 0, 0, 0, 0, 0, 0, 0, 0, 0, 0, 0, 0, 0, 0]
minusDelta : 
['final_record', 2264.523999999999, 2173.713200000004, 2247.782600000004, 2244.9732000000026, 2222.5114000000003, 3943.0239685450424, 3952.9338624762327, 3845.4354110707436, 4046.6904119931605, 3845.951008840457, 5345.564911400785, 5355.00216612182, 5314.502757584423, 5253.472422015035, 5294.424628555212, 6626.967235443852, 6676.746646132612, 6628.3051915813885, 6532.628805866067, 6681.96505647816, 7852.229461842806, 7845.267933507604, 7807.036877110322, 7825.883535498577, 7871.10354399878, 0, 0, 0, 0, 0, 0, 0, 0, 0, 0, 0, 0, 0, 0, 0, 0, 0, 0, 0, 0, 0, 0, 0, 0, 0]
totalRecord : 
['total_record', 2851.9549999999927, 2731.2935999999963, 2849.6766000000043, 2834.864800000001, 2805.9930000000177, 5018.073451927701, 5014.128063600728, 4883.3861095164475, 5136.448920764452, 4839.8320997514, 6843.192911857871, 6856.578638903835, 6793.036140262401, 6694.375181410522, 6763.235156015107, 8524.057111607402, 8588.316072406025, 8511.164449016762, 8385.979055376478, 8616.074200801448, 10094.698525655875, 10035.092161333017, 10054.408366123862, 10067.979895358145, 10111.059767554169, 0, 0, 0, 0, 0, 0, 0, 0, 0, 0, 0, 0, 0, 0, 0, 0, 0, 0, 0, 0, 0, 0, 0, 0, 0]
minusDelta : 
['final_record', 2264.523999999999, 2173.713200000004, 2247.782600000004, 2244.9732000000026, 2222.5114000000003, 3943.0239685450424, 3952.9338624762327, 3845.4354110707436, 4046.6904119931605, 3845.951008840457, 5345.564911400785, 5355.00216612182, 5314.502757584423, 5253.472422015035, 5294.424628555212, 6626.967235443852, 6676.746646132612, 6628.3051915813885, 6532.628805866067, 6681.96505647816, 7852.229461842806, 7845.267933507604, 7807.036877110322, 7825.883535498577, 7871.10354399878, 9094.55136067438, 8969.537698063883, 8982.54190718984, 9152.756406053208, 9017.713726221684, 0, 0, 0, 0, 0, 0, 0, 0, 0, 0, 0, 0, 0, 0, 0, 0, 0, 0, 0, 0]
totalRecord : 
['total_record', 2851.9549999999927, 2731.2935999999963, 2849.6766000000043, 2834.864800000001, 2805.9930000000177, 5018.073451927701, 5014.128063600728, 4883.3861095164475, 5136.448920764452, 4839.8320997514, 6843.192911857871, 6856.578638903835, 6793.036140262401, 6694.375181410522, 6763.235156015107, 8524.057111607402, 8588.316072406025, 8511.164449016762, 8385.979055376478, 8616.074200801448, 10094.698525655875, 10035.092161333017, 10054.408366123862, 10067.979895358145, 10111.059767554169, 11764.561769338387, 11596.53162915755, 11664.136995031526, 11858.12295433006, 11667.607285902304, 0, 0, 0, 0, 0, 0, 0, 0, 0, 0, 0, 0, 0, 0, 0, 0, 0, 0, 0, 0]
minusDelta : 
['final_record', 2264.523999999999, 2173.713200000004, 2247.782600000004, 2244.9732000000026, 2222.5114000000003, 3943.0239685450424, 3952.9338624762327, 3845.4354110707436, 4046.6904119931605, 3845.951008840457, 5345.564911400785, 5355.00216612182, 5314.502757584423, 5253.472422015035, 5294.424628555212, 6626.967235443852, 6676.746646132612, 6628.3051915813885, 6532.628805866067, 6681.96505647816, 7852.229461842806, 7845.267933507604, 7807.036877110322, 7825.883535498577, 7871.10354399878, 9094.55136067438, 8969.537698063883, 8982.54190718984, 9152.756406053208, 9017.713726221684, 10190.413974176688, 10257.054293397057, 10055.346432324786, 10146.49599290177, 10022.158710830741, 0, 0, 0, 0, 0, 0, 0, 0, 0, 0, 0, 0, 0, 0, 0]
totalRecord : 
['total_record', 2851.9549999999927, 2731.2935999999963, 2849.6766000000043, 2834.864800000001, 2805.9930000000177, 5018.073451927701, 5014.128063600728, 4883.3861095164475, 5136.448920764452, 4839.8320997514, 6843.192911857871, 6856.578638903835, 6793.036140262401, 6694.375181410522, 6763.235156015107, 8524.057111607402, 8588.316072406025, 8511.164449016762, 8385.979055376478, 8616.074200801448, 10094.698525655875, 10035.092161333017, 10054.408366123862, 10067.979895358145, 10111.059767554169, 11764.561769338387, 11596.53162915755, 11664.136995031526, 11858.12295433006, 11667.607285902304, 13274.460631771708, 13345.409145851156, 13095.315106869657, 13205.663665691705, 13035.913192926244, 0, 0, 0, 0, 0, 0, 0, 0, 0, 0, 0, 0, 0, 0, 0]
minusDelta : 
['final_record', 2264.523999999999, 2173.713200000004, 2247.782600000004, 2244.9732000000026, 2222.5114000000003, 3943.0239685450424, 3952.9338624762327, 3845.4354110707436, 4046.6904119931605, 3845.951008840457, 5345.564911400785, 5355.00216612182, 5314.502757584423, 5253.472422015035, 5294.424628555212, 6626.967235443852, 6676.746646132612, 6628.3051915813885, 6532.628805866067, 6681.96505647816, 7852.229461842806, 7845.267933507604, 7807.036877110322, 7825.883535498577, 7871.10354399878, 9094.55136067438, 8969.537698063883, 8982.54190718984, 9152.756406053208, 9017.713726221684, 10190.413974176688, 10257.054293397057, 10055.346432324786, 10146.49599290177, 10022.158710830741, 11205.2667524203, 11234.485495408955, 11326.22903283662, 11373.054750378527, 11245.260317542476, 0, 0, 0, 0, 0, 0, 0, 0, 0, 0]
totalRecord : 
['total_record', 2851.9549999999927, 2731.2935999999963, 2849.6766000000043, 2834.864800000001, 2805.9930000000177, 5018.073451927701, 5014.128063600728, 4883.3861095164475, 5136.448920764452, 4839.8320997514, 6843.192911857871, 6856.578638903835, 6793.036140262401, 6694.375181410522, 6763.235156015107, 8524.057111607402, 8588.316072406025, 8511.164449016762, 8385.979055376478, 8616.074200801448, 10094.698525655875, 10035.092161333017, 10054.408366123862, 10067.979895358145, 10111.059767554169, 11764.561769338387, 11596.53162915755, 11664.136995031526, 11858.12295433006, 11667.607285902304, 13274.460631771708, 13345.409145851156, 13095.315106869657, 13205.663665691705, 13035.913192926244, 14579.193984298638, 14627.359231637512, 14760.793441528847, 14876.489768717693, 14623.128115497184, 0, 0, 0, 0, 0, 0, 0, 0, 0, 0]
minusDelta : 
['final_record', 2264.523999999999, 2173.713200000004, 2247.782600000004, 2244.9732000000026, 2222.5114000000003, 3943.0239685450424, 3952.9338624762327, 3845.4354110707436, 4046.6904119931605, 3845.951008840457, 5345.564911400785, 5355.00216612182, 5314.502757584423, 5253.472422015035, 5294.424628555212, 6626.967235443852, 6676.746646132612, 6628.3051915813885, 6532.628805866067, 6681.96505647816, 7852.229461842806, 7845.267933507604, 7807.036877110322, 7825.883535498577, 7871.10354399878, 9094.55136067438, 8969.537698063883, 8982.54190718984, 9152.756406053208, 9017.713726221684, 10190.413974176688, 10257.054293397057, 10055.346432324786, 10146.49599290177, 10022.158710830741, 11205.2667524203, 11234.485495408955, 11326.22903283662, 11373.054750378527, 11245.260317542476, 13105.84358105898, 13243.537350171342, 13150.730548664236, 13300.334420792844, 13356.610560275074, 0, 0, 0, 0, 0]
totalRecord : 
['total_record', 2851.9549999999927, 2731.2935999999963, 2849.6766000000043, 2834.864800000001, 2805.9930000000177, 5018.073451927701, 5014.128063600728, 4883.3861095164475, 5136.448920764452, 4839.8320997514, 6843.192911857871, 6856.578638903835, 6793.036140262401, 6694.375181410522, 6763.235156015107, 8524.057111607402, 8588.316072406025, 8511.164449016762, 8385.979055376478, 8616.074200801448, 10094.698525655875, 10035.092161333017, 10054.408366123862, 10067.979895358145, 10111.059767554169, 11764.561769338387, 11596.53162915755, 11664.136995031526, 11858.12295433006, 11667.607285902304, 13274.460631771708, 13345.409145851156, 13095.315106869657, 13205.663665691705, 13035.913192926244, 14579.193984298638, 14627.359231637512, 14760.793441528847, 14876.489768717693, 14623.128115497184, 17227.05877225434, 17364.574521460407, 17234.25975079784, 17426.24761308334, 17479.047830181255, 0, 0, 0, 0, 0]
