minusDelta : 
['final_record', 4151.932000000009, 4141.992000000008, 4111.798000000005, 4141.430000000009, 4179.240000000008, 0, 0, 0, 0, 0, 0, 0, 0, 0, 0, 0, 0, 0, 0, 0, 0, 0, 0, 0, 0, 0, 0, 0, 0, 0, 0, 0, 0, 0, 0, 0, 0, 0, 0, 0, 0, 0, 0, 0, 0]
totalRecord : 
['total_record', 5036.713999999993, 5013.181999999994, 4983.80999999998, 5031.888000000003, 5079.646000000017, 0, 0, 0, 0, 0, 0, 0, 0, 0, 0, 0, 0, 0, 0, 0, 0, 0, 0, 0, 0, 0, 0, 0, 0, 0, 0, 0, 0, 0, 0, 0, 0, 0, 0, 0, 0, 0, 0, 0, 0]
minusDelta : 
['final_record', 4151.932000000009, 4141.992000000008, 4111.798000000005, 4141.430000000009, 4179.240000000008, 7513.053496313178, 7461.942788840681, 7541.832063522242, 7436.0798446709, 7365.963282328818, 0, 0, 0, 0, 0, 0, 0, 0, 0, 0, 0, 0, 0, 0, 0, 0, 0, 0, 0, 0, 0, 0, 0, 0, 0, 0, 0, 0, 0, 0, 0, 0, 0, 0, 0]
totalRecord : 
['total_record', 5036.713999999993, 5013.181999999994, 4983.80999999998, 5031.888000000003, 5079.646000000017, 9165.46344576472, 9083.898883800053, 9202.460983554183, 9080.765625342143, 8976.428420040824, 0, 0, 0, 0, 0, 0, 0, 0, 0, 0, 0, 0, 0, 0, 0, 0, 0, 0, 0, 0, 0, 0, 0, 0, 0, 0, 0, 0, 0, 0, 0, 0, 0, 0, 0]
minusDelta : 
['final_record', 4151.932000000009, 4141.992000000008, 4111.798000000005, 4141.430000000009, 4179.240000000008, 7513.053496313178, 7461.942788840681, 7541.832063522242, 7436.0798446709, 7365.963282328818, 10594.78628655627, 10612.214515884623, 10525.935913108346, 10445.055249671466, 10545.202180813701, 0, 0, 0, 0, 0, 0, 0, 0, 0, 0, 0, 0, 0, 0, 0, 0, 0, 0, 0, 0, 0, 0, 0, 0, 0, 0, 0, 0, 0, 0]
totalRecord : 
['total_record', 5036.713999999993, 5013.181999999994, 4983.80999999998, 5031.888000000003, 5079.646000000017, 9165.46344576472, 9083.898883800053, 9202.460983554183, 9080.765625342143, 8976.428420040824, 12946.647800537125, 12993.127694133873, 12896.743494138671, 12766.596775700147, 12906.019700533328, 0, 0, 0, 0, 0, 0, 0, 0, 0, 0, 0, 0, 0, 0, 0, 0, 0, 0, 0, 0, 0, 0, 0, 0, 0, 0, 0, 0, 0, 0]
minusDelta : 
['final_record', 4151.932000000009, 4141.992000000008, 4111.798000000005, 4141.430000000009, 4179.240000000008, 7513.053496313178, 7461.942788840681, 7541.832063522242, 7436.0798446709, 7365.963282328818, 10594.78628655627, 10612.214515884623, 10525.935913108346, 10445.055249671466, 10545.202180813701, 13449.537937010866, 13349.700121514998, 13529.557876245453, 13400.212529783084, 13458.216877657202, 0, 0, 0, 0, 0, 0, 0, 0, 0, 0, 0, 0, 0, 0, 0, 0, 0, 0, 0, 0, 0, 0, 0, 0, 0]
totalRecord : 
['total_record', 5036.713999999993, 5013.181999999994, 4983.80999999998, 5031.888000000003, 5079.646000000017, 9165.46344576472, 9083.898883800053, 9202.460983554183, 9080.765625342143, 8976.428420040824, 12946.647800537125, 12993.127694133873, 12896.743494138671, 12766.596775700147, 12906.019700533328, 16497.9271672283, 16372.522344587049, 16609.056094379783, 16455.4828682067, 16480.124305853118, 0, 0, 0, 0, 0, 0, 0, 0, 0, 0, 0, 0, 0, 0, 0, 0, 0, 0, 0, 0, 0, 0, 0, 0, 0]
minusDelta : 
['final_record', 4151.932000000009, 4141.992000000008, 4111.798000000005, 4141.430000000009, 4179.240000000008, 7513.053496313178, 7461.942788840681, 7541.832063522242, 7436.0798446709, 7365.963282328818, 10594.78628655627, 10612.214515884623, 10525.935913108346, 10445.055249671466, 10545.202180813701, 13449.537937010866, 13349.700121514998, 13529.557876245453, 13400.212529783084, 13458.216877657202, 16270.975009618754, 16333.180533268302, 16290.1912742137, 16346.110325480497, 16258.181054753084, 0, 0, 0, 0, 0, 0, 0, 0, 0, 0, 0, 0, 0, 0, 0, 0, 0, 0, 0, 0]
totalRecord : 
['total_record', 5036.713999999993, 5013.181999999994, 4983.80999999998, 5031.888000000003, 5079.646000000017, 9165.46344576472, 9083.898883800053, 9202.460983554183, 9080.765625342143, 8976.428420040824, 12946.647800537125, 12993.127694133873, 12896.743494138671, 12766.596775700147, 12906.019700533328, 16497.9271672283, 16372.522344587049, 16609.056094379783, 16455.4828682067, 16480.124305853118, 20003.68330292165, 20101.19191366966, 19979.145019258074, 20101.498051362963, 19986.904519896434, 0, 0, 0, 0, 0, 0, 0, 0, 0, 0, 0, 0, 0, 0, 0, 0, 0, 0, 0, 0]
minusDelta : 
['final_record', 4151.932000000009, 4141.992000000008, 4111.798000000005, 4141.430000000009, 4179.240000000008, 7513.053496313178, 7461.942788840681, 7541.832063522242, 7436.0798446709, 7365.963282328818, 10594.78628655627, 10612.214515884623, 10525.935913108346, 10445.055249671466, 10545.202180813701, 13449.537937010866, 13349.700121514998, 13529.557876245453, 13400.212529783084, 13458.216877657202, 16270.975009618754, 16333.180533268302, 16290.1912742137, 16346.110325480497, 16258.181054753084, 19078.1033175299, 19114.68267817761, 18835.29820767701, 18958.12050134097, 18945.98167840223, 0, 0, 0, 0, 0, 0, 0, 0, 0, 0, 0, 0, 0, 0, 0]
totalRecord : 
['total_record', 5036.713999999993, 5013.181999999994, 4983.80999999998, 5031.888000000003, 5079.646000000017, 9165.46344576472, 9083.898883800053, 9202.460983554183, 9080.765625342143, 8976.428420040824, 12946.647800537125, 12993.127694133873, 12896.743494138671, 12766.596775700147, 12906.019700533328, 16497.9271672283, 16372.522344587049, 16609.056094379783, 16455.4828682067, 16480.124305853118, 20003.68330292165, 20101.19191366966, 19979.145019258074, 20101.498051362963, 19986.904519896434, 23473.524947438615, 23533.71547370169, 23189.9162483765, 23352.97235079441, 23330.535641976, 0, 0, 0, 0, 0, 0, 0, 0, 0, 0, 0, 0, 0, 0, 0]
minusDelta : 
['final_record', 4151.932000000009, 4141.992000000008, 4111.798000000005, 4141.430000000009, 4179.240000000008, 7513.053496313178, 7461.942788840681, 7541.832063522242, 7436.0798446709, 7365.963282328818, 10594.78628655627, 10612.214515884623, 10525.935913108346, 10445.055249671466, 10545.202180813701, 13449.537937010866, 13349.700121514998, 13529.557876245453, 13400.212529783084, 13458.216877657202, 16270.975009618754, 16333.180533268302, 16290.1912742137, 16346.110325480497, 16258.181054753084, 19078.1033175299, 19114.68267817761, 18835.29820767701, 18958.12050134097, 18945.98167840223, 21604.88042566872, 21532.650861472997, 21577.22364162422, 21692.310221990967, 21657.651460243433, 0, 0, 0, 0, 0, 0, 0, 0, 0, 0]
totalRecord : 
['total_record', 5036.713999999993, 5013.181999999994, 4983.80999999998, 5031.888000000003, 5079.646000000017, 9165.46344576472, 9083.898883800053, 9202.460983554183, 9080.765625342143, 8976.428420040824, 12946.647800537125, 12993.127694133873, 12896.743494138671, 12766.596775700147, 12906.019700533328, 16497.9271672283, 16372.522344587049, 16609.056094379783, 16455.4828682067, 16480.124305853118, 20003.68330292165, 20101.19191366966, 19979.145019258074, 20101.498051362963, 19986.904519896434, 23473.524947438615, 23533.71547370169, 23189.9162483765, 23352.97235079441, 23330.535641976, 26683.517276080333, 26546.28793487277, 26632.850703952015, 26750.313589303372, 26678.499124495225, 0, 0, 0, 0, 0, 0, 0, 0, 0, 0]
minusDelta : 
['final_record', 4151.932000000009, 4141.992000000008, 4111.798000000005, 4141.430000000009, 4179.240000000008, 7513.053496313178, 7461.942788840681, 7541.832063522242, 7436.0798446709, 7365.963282328818, 10594.78628655627, 10612.214515884623, 10525.935913108346, 10445.055249671466, 10545.202180813701, 13449.537937010866, 13349.700121514998, 13529.557876245453, 13400.212529783084, 13458.216877657202, 16270.975009618754, 16333.180533268302, 16290.1912742137, 16346.110325480497, 16258.181054753084, 19078.1033175299, 19114.68267817761, 18835.29820767701, 18958.12050134097, 18945.98167840223, 21604.88042566872, 21532.650861472997, 21577.22364162422, 21692.310221990967, 21657.651460243433, 24210.191571414656, 24294.461018697242, 24113.284481318024, 24114.18419116248, 24215.113234881384, 0, 0, 0, 0, 0]
totalRecord : 
['total_record', 5036.713999999993, 5013.181999999994, 4983.80999999998, 5031.888000000003, 5079.646000000017, 9165.46344576472, 9083.898883800053, 9202.460983554183, 9080.765625342143, 8976.428420040824, 12946.647800537125, 12993.127694133873, 12896.743494138671, 12766.596775700147, 12906.019700533328, 16497.9271672283, 16372.522344587049, 16609.056094379783, 16455.4828682067, 16480.124305853118, 20003.68330292165, 20101.19191366966, 19979.145019258074, 20101.498051362963, 19986.904519896434, 23473.524947438615, 23533.71547370169, 23189.9162483765, 23352.97235079441, 23330.535641976, 26683.517276080333, 26546.28793487277, 26632.850703952015, 26750.313589303372, 26678.499124495225, 29911.790345465666, 29969.125514490795, 29756.018318640334, 29799.85297560975, 29851.60692035337, 0, 0, 0, 0, 0]
minusDelta : 
['final_record', 4151.932000000009, 4141.992000000008, 4111.798000000005, 4141.430000000009, 4179.240000000008, 7513.053496313178, 7461.942788840681, 7541.832063522242, 7436.0798446709, 7365.963282328818, 10594.78628655627, 10612.214515884623, 10525.935913108346, 10445.055249671466, 10545.202180813701, 13449.537937010866, 13349.700121514998, 13529.557876245453, 13400.212529783084, 13458.216877657202, 16270.975009618754, 16333.180533268302, 16290.1912742137, 16346.110325480497, 16258.181054753084, 19078.1033175299, 19114.68267817761, 18835.29820767701, 18958.12050134097, 18945.98167840223, 21604.88042566872, 21532.650861472997, 21577.22364162422, 21692.310221990967, 21657.651460243433, 24210.191571414656, 24294.461018697242, 24113.284481318024, 24114.18419116248, 24215.113234881384, 29329.730120863864, 29240.342127806252, 29255.968043628844, 29338.823710033605, 29138.543352987057]
totalRecord : 
['total_record', 5036.713999999993, 5013.181999999994, 4983.80999999998, 5031.888000000003, 5079.646000000017, 9165.46344576472, 9083.898883800053, 9202.460983554183, 9080.765625342143, 8976.428420040824, 12946.647800537125, 12993.127694133873, 12896.743494138671, 12766.596775700147, 12906.019700533328, 16497.9271672283, 16372.522344587049, 16609.056094379783, 16455.4828682067, 16480.124305853118, 20003.68330292165, 20101.19191366966, 19979.145019258074, 20101.498051362963, 19986.904519896434, 23473.524947438615, 23533.71547370169, 23189.9162483765, 23352.97235079441, 23330.535641976, 26683.517276080333, 26546.28793487277, 26632.850703952015, 26750.313589303372, 26678.499124495225, 29911.790345465666, 29969.125514490795, 29756.018318640334, 29799.85297560975, 29851.60692035337, 36318.95830892274, 36189.574953565374, 36202.97048070146, 36331.295715355336, 36088.277473167385]
